# JRE version: OpenJDK Runtime Environment Temurin-21.0.11+10 (21.0.11+10) (build 21.0.11+10-LTS)
# Java VM: OpenJDK 64-Bit Server VM Temurin-21.0.11+10 (21.0.11+10-LTS, mixed mode, sharing, tiered, compressed oops, compressed class ptrs, parallel gc, windows-amd64)
GC Precious Log:
 CardTable entry size: 512
 CPUs: 8 total, 8 available
 Memory: 16078M
 Large Page Support: Disabled
 NUMA Support: Disabled
 Compressed Oops: Enabled (32-bit)
 Alignments: Space 512K, Generation 512K, Heap 2M
 Heap Min Capacity: 100M
 Heap Initial Capacity: 100M
 Heap Max Capacity: 2G
 Pre-touch: Disabled
 Parallel Workers: 8
Heap:
 PSYoungGen      total 22016K, used 11759K [0x00000000d5580000, 0x00000000d7280000, 0x0000000100000000)
  eden space 20480K, 49% used [0x00000000d5580000,0x00000000d5f7bc98,0x00000000d6980000)
  from space 1536K, 100% used [0x00000000d7000000,0x00000000d7180000,0x00000000d7180000)
  to   space 1024K, 0% used [0x00000000d7180000,0x00000000d7180000,0x00000000d7280000)
 ParOldGen       total 159232K, used 158927K [0x0000000080000000, 0x0000000089b80000, 0x00000000d5580000)
  object space 159232K, 99% used [0x0000000080000000,0x0000000089b33d10,0x0000000089b80000)
 Metaspace       used 81698K, committed 83520K, reserved 1179648K
  class space    used 10143K, committed 10944K, reserved 1048576K
GC Heap History (20 events):
Event: 72.638 GC heap before
{Heap before GC invocations=97 (full 3):
 PSYoungGen      total 21504K, used 21008K [0x00000000d5580000, 0x00000000d7300000, 0x0000000100000000)
  eden space 20480K, 100% used [0x00000000d5580000,0x00000000d6980000,0x00000000d6980000)
  from space 1024K, 51% used [0x00000000d7180000,0x00000000d7204228,0x00000000d7280000)
  to   space 512K, 0% used [0x00000000d7280000,0x00000000d7280000,0x00000000d7300000)
 ParOldGen       total 141312K, used 141006K [0x0000000080000000, 0x0000000088a00000, 0x00000000d5580000)
  object space 141312K, 99% used [0x0000000080000000,0x00000000889b3980,0x0000000088a00000)
 Metaspace       used 73961K, committed 75584K, reserved 1179648K
  class space    used 8890K, committed 9600K, reserved 1048576K
}
Event: 72.640 GC heap after
{Heap after GC invocations=97 (full 3):
 PSYoungGen      total 20992K, used 160K [0x00000000d5580000, 0x00000000d7300000, 0x0000000100000000)
  eden space 20480K, 0% used [0x00000000d5580000,0x00000000d5580000,0x00000000d6980000)
  from space 512K, 31% used [0x00000000d7280000,0x00000000d72a8000,0x00000000d7300000)
  to   space 512K, 0% used [0x00000000d7200000,0x00000000d7200000,0x00000000d7280000)
 ParOldGen       total 141824K, used 141401K [0x0000000080000000, 0x0000000088a80000, 0x00000000d5580000)
  object space 141824K, 99% used [0x0000000080000000,0x0000000088a16718,0x0000000088a80000)
 Metaspace       used 73961K, committed 75584K, reserved 1179648K
  class space    used 8890K, committed 9600K, reserved 1048576K
}
Event: 73.062 GC heap before
{Heap before GC invocations=98 (full 3):
 PSYoungGen      total 20992K, used 20640K [0x00000000d5580000, 0x00000000d7300000, 0x0000000100000000)
  eden space 20480K, 100% used [0x00000000d5580000,0x00000000d6980000,0x00000000d6980000)
  from space 512K, 31% used [0x00000000d7280000,0x00000000d72a8000,0x00000000d7300000)
  to   space 512K, 0% used [0x00000000d7200000,0x00000000d7200000,0x00000000d7280000)
 ParOldGen       total 141824K, used 141401K [0x0000000080000000, 0x0000000088a80000, 0x00000000d5580000)
  object space 141824K, 99% used [0x0000000080000000,0x0000000088a16718,0x0000000088a80000)
 Metaspace       used 74793K, committed 76416K, reserved 1179648K
  class space    used 9014K, committed 9728K, reserved 1048576K
}
Event: 73.067 GC heap after
{Heap after GC invocations=98 (full 3):
 PSYoungGen      total 20992K, used 494K [0x00000000d5580000, 0x00000000d7d80000, 0x0000000100000000)
  eden space 20480K, 0% used [0x00000000d5580000,0x00000000d5580000,0x00000000d6980000)
  from space 512K, 96% used [0x00000000d7200000,0x00000000d727bbb8,0x00000000d7280000)
  to   space 10240K, 0% used [0x00000000d7380000,0x00000000d7380000,0x00000000d7d80000)
 ParOldGen       total 150016K, used 149526K [0x0000000080000000, 0x0000000089280000, 0x00000000d5580000)
  object space 150016K, 99% used [0x0000000080000000,0x0000000089205bc8,0x0000000089280000)
 Metaspace       used 74793K, committed 76416K, reserved 1179648K
  class space    used 9014K, committed 9728K, reserved 1048576K
}
Event: 73.321 GC heap before
{Heap before GC invocations=99 (full 3):
 PSYoungGen      total 20992K, used 20974K [0x00000000d5580000, 0x00000000d7d80000, 0x0000000100000000)
  eden space 20480K, 100% used [0x00000000d5580000,0x00000000d6980000,0x00000000d6980000)
  from space 512K, 96% used [0x00000000d7200000,0x00000000d727bbb8,0x00000000d7280000)
  to   space 10240K, 0% used [0x00000000d7380000,0x00000000d7380000,0x00000000d7d80000)
 ParOldGen       total 150016K, used 149526K [0x0000000080000000, 0x0000000089280000, 0x00000000d5580000)
  object space 150016K, 99% used [0x0000000080000000,0x0000000089205bc8,0x0000000089280000)
 Metaspace       used 76041K, committed 77760K, reserved 1179648K
  class space    used 9228K, committed 9984K, reserved 1048576K
}
Event: 73.325 GC heap after
{Heap after GC invocations=99 (full 3):
 PSYoungGen      total 21504K, used 832K [0x00000000d5580000, 0x00000000d7480000, 0x0000000100000000)
  eden space 20480K, 0% used [0x00000000d5580000,0x00000000d5580000,0x00000000d6980000)
  from space 1024K, 81% used [0x00000000d7380000,0x00000000d7450000,0x00000000d7480000)
  to   space 4096K, 0% used [0x00000000d6c80000,0x00000000d6c80000,0x00000000d7080000)
 ParOldGen       total 150528K, used 150030K [0x0000000080000000, 0x0000000089300000, 0x00000000d5580000)
  object space 150528K, 99% used [0x0000000080000000,0x0000000089283918,0x0000000089300000)
 Metaspace       used 76041K, committed 77760K, reserved 1179648K
  class space    used 9228K, committed 9984K, reserved 1048576K
}
Event: 73.595 GC heap before
{Heap before GC invocations=100 (full 3):
 PSYoungGen      total 21504K, used 21312K [0x00000000d5580000, 0x00000000d7480000, 0x0000000100000000)
  eden space 20480K, 100% used [0x00000000d5580000,0x00000000d6980000,0x00000000d6980000)
  from space 1024K, 81% used [0x00000000d7380000,0x00000000d7450000,0x00000000d7480000)
  to   space 4096K, 0% used [0x00000000d6c80000,0x00000000d6c80000,0x00000000d7080000)
 ParOldGen       total 150528K, used 150030K [0x0000000080000000, 0x0000000089300000, 0x00000000d5580000)
  object space 150528K, 99% used [0x0000000080000000,0x0000000089283918,0x0000000089300000)
 Metaspace       used 76064K, committed 77760K, reserved 1179648K
  class space    used 9229K, committed 9984K, reserved 1048576K
}
Event: 73.597 GC heap after
{Heap after GC invocations=100 (full 3):
 PSYoungGen      total 24576K, used 544K [0x00000000d5580000, 0x00000000d7400000, 0x0000000100000000)
  eden space 20480K, 0% used [0x00000000d5580000,0x00000000d5580000,0x00000000d6980000)
  from space 4096K, 13% used [0x00000000d6c80000,0x00000000d6d08000,0x00000000d7080000)
  to   space 1536K, 0% used [0x00000000d7280000,0x00000000d7280000,0x00000000d7400000)
 ParOldGen       total 151040K, used 150707K [0x0000000080000000, 0x0000000089380000, 0x00000000d5580000)
  object space 151040K, 99% used [0x0000000080000000,0x000000008932ccc8,0x0000000089380000)
 Metaspace       used 76064K, committed 77760K, reserved 1179648K
  class space    used 9229K, committed 9984K, reserved 1048576K
}
Event: 73.838 GC heap before
{Heap before GC invocations=101 (full 3):
 PSYoungGen      total 24576K, used 20786K [0x00000000d5580000, 0x00000000d7400000, 0x0000000100000000)
  eden space 20480K, 98% used [0x00000000d5580000,0x00000000d6944b70,0x00000000d6980000)
  from space 4096K, 13% used [0x00000000d6c80000,0x00000000d6d08000,0x00000000d7080000)
  to   space 1536K, 0% used [0x00000000d7280000,0x00000000d7280000,0x00000000d7400000)
 ParOldGen       total 151040K, used 150707K [0x0000000080000000, 0x0000000089380000, 0x00000000d5580000)
  object space 151040K, 99% used [0x0000000080000000,0x000000008932ccc8,0x0000000089380000)
 Metaspace       used 76070K, committed 77760K, reserved 1179648K
  class space    used 9229K, committed 9984K, reserved 1048576K
}
Event: 73.840 GC heap after
{Heap after GC invocations=101 (full 3):
 PSYoungGen      total 22016K, used 1326K [0x00000000d5580000, 0x00000000d7400000, 0x0000000100000000)
  eden space 20480K, 0% used [0x00000000d5580000,0x00000000d5580000,0x00000000d6980000)
  from space 1536K, 86% used [0x00000000d7280000,0x00000000d73cb9f0,0x00000000d7400000)
  to   space 1536K, 0% used [0x00000000d7100000,0x00000000d7100000,0x00000000d7280000)
 ParOldGen       total 151552K, used 151187K [0x0000000080000000, 0x0000000089400000, 0x00000000d5580000)
  object space 151552K, 99% used [0x0000000080000000,0x00000000893a4cc8,0x0000000089400000)
 Metaspace       used 76070K, committed 77760K, reserved 1179648K
  class space    used 9229K, committed 9984K, reserved 1048576K
}
Event: 74.055 GC heap before
{Heap before GC invocations=102 (full 3):
 PSYoungGen      total 22016K, used 21806K [0x00000000d5580000, 0x00000000d7400000, 0x0000000100000000)
  eden space 20480K, 100% used [0x00000000d5580000,0x00000000d6980000,0x00000000d6980000)
  from space 1536K, 86% used [0x00000000d7280000,0x00000000d73cb9f0,0x00000000d7400000)
  to   space 1536K, 0% used [0x00000000d7100000,0x00000000d7100000,0x00000000d7280000)
 ParOldGen       total 151552K, used 151187K [0x0000000080000000, 0x0000000089400000, 0x00000000d5580000)
  object space 151552K, 99% used [0x0000000080000000,0x00000000893a4cc8,0x0000000089400000)
 Metaspace       used 76598K, committed 78272K, reserved 1179648K
  class space    used 9347K, committed 10112K, reserved 1048576K
}
Event: 74.058 GC heap after
{Heap after GC invocations=102 (full 3):
 PSYoungGen      total 22016K, used 1526K [0x00000000d5580000, 0x00000000d7480000, 0x0000000100000000)
  eden space 20480K, 0% used [0x00000000d5580000,0x00000000d5580000,0x00000000d6980000)
  from space 1536K, 99% used [0x00000000d7100000,0x00000000d727d8e0,0x00000000d7280000)
  to   space 2048K, 0% used [0x00000000d7280000,0x00000000d7280000,0x00000000d7480000)
 ParOldGen       total 154624K, used 154280K [0x0000000080000000, 0x0000000089700000, 0x00000000d5580000)
  object space 154624K, 99% used [0x0000000080000000,0x00000000896aa180,0x0000000089700000)
 Metaspace       used 76598K, committed 78272K, reserved 1179648K
  class space    used 9347K, committed 10112K, reserved 1048576K
}
Event: 74.311 GC heap before
{Heap before GC invocations=103 (full 3):
 PSYoungGen      total 22016K, used 22006K [0x00000000d5580000, 0x00000000d7480000, 0x0000000100000000)
  eden space 20480K, 100% used [0x00000000d5580000,0x00000000d6980000,0x00000000d6980000)
  from space 1536K, 99% used [0x00000000d7100000,0x00000000d727d8e0,0x00000000d7280000)
  to   space 2048K, 0% used [0x00000000d7280000,0x00000000d7280000,0x00000000d7480000)
 ParOldGen       total 154624K, used 154280K [0x0000000080000000, 0x0000000089700000, 0x00000000d5580000)
  object space 154624K, 99% used [0x0000000080000000,0x00000000896aa180,0x0000000089700000)
 Metaspace       used 78757K, committed 80448K, reserved 1179648K
  class space    used 9729K, committed 10496K, reserved 1048576K
}
Event: 74.313 GC heap after
{Heap after GC invocations=103 (full 3):
 PSYoungGen      total 21504K, used 672K [0x00000000d5580000, 0x00000000d7380000, 0x0000000100000000)
  eden space 20480K, 0% used [0x00000000d5580000,0x00000000d5580000,0x00000000d6980000)
  from space 1024K, 65% used [0x00000000d7280000,0x00000000d7328020,0x00000000d7380000)
  to   space 2560K, 0% used [0x00000000d6e80000,0x00000000d6e80000,0x00000000d7100000)
 ParOldGen       total 156160K, used 155775K [0x0000000080000000, 0x0000000089880000, 0x00000000d5580000)
  object space 156160K, 99% used [0x0000000080000000,0x000000008981ffe0,0x0000000089880000)
 Metaspace       used 78757K, committed 80448K, reserved 1179648K
  class space    used 9729K, committed 10496K, reserved 1048576K
}
Event: 77.330 GC heap before
{Heap before GC invocations=104 (full 3):
 PSYoungGen      total 21504K, used 21152K [0x00000000d5580000, 0x00000000d7380000, 0x0000000100000000)
  eden space 20480K, 100% used [0x00000000d5580000,0x00000000d6980000,0x00000000d6980000)
  from space 1024K, 65% used [0x00000000d7280000,0x00000000d7328020,0x00000000d7380000)
  to   space 2560K, 0% used [0x00000000d6e80000,0x00000000d6e80000,0x00000000d7100000)
 ParOldGen       total 156160K, used 155775K [0x0000000080000000, 0x0000000089880000, 0x00000000d5580000)
  object space 156160K, 99% used [0x0000000080000000,0x000000008981ffe0,0x0000000089880000)
 Metaspace       used 80608K, committed 82368K, reserved 1179648K
  class space    used 10029K, committed 10816K, reserved 1048576K
}
Event: 77.335 GC heap after
{Heap after GC invocations=104 (full 3):
 PSYoungGen      total 23040K, used 512K [0x00000000d5580000, 0x00000000d7300000, 0x0000000100000000)
  eden space 20480K, 0% used [0x00000000d5580000,0x00000000d5580000,0x00000000d6980000)
  from space 2560K, 20% used [0x00000000d6e80000,0x00000000d6f00000,0x00000000d7100000)
  to   space 1024K, 0% used [0x00000000d7200000,0x00000000d7200000,0x00000000d7300000)
 ParOldGen       total 156672K, used 156336K [0x0000000080000000, 0x0000000089900000, 0x00000000d5580000)
  object space 156672K, 99% used [0x0000000080000000,0x00000000898ac000,0x0000000089900000)
 Metaspace       used 80608K, committed 82368K, reserved 1179648K
  class space    used 10029K, committed 10816K, reserved 1048576K
}
Event: 239.785 GC heap before
{Heap before GC invocations=105 (full 3):
 PSYoungGen      total 23040K, used 20752K [0x00000000d5580000, 0x00000000d7300000, 0x0000000100000000)
  eden space 20480K, 98% used [0x00000000d5580000,0x00000000d69443d8,0x00000000d6980000)
  from space 2560K, 20% used [0x00000000d6e80000,0x00000000d6f00000,0x00000000d7100000)
  to   space 1024K, 0% used [0x00000000d7200000,0x00000000d7200000,0x00000000d7300000)
 ParOldGen       total 156672K, used 156336K [0x0000000080000000, 0x0000000089900000, 0x00000000d5580000)
  object space 156672K, 99% used [0x0000000080000000,0x00000000898ac000,0x0000000089900000)
 Metaspace       used 81008K, committed 82816K, reserved 1179648K
  class space    used 10073K, committed 10880K, reserved 1048576K
}
Event: 239.790 GC heap after
{Heap after GC invocations=105 (full 3):
 PSYoungGen      total 21504K, used 944K [0x00000000d5580000, 0x00000000d7300000, 0x0000000100000000)
  eden space 20480K, 0% used [0x00000000d5580000,0x00000000d5580000,0x00000000d6980000)
  from space 1024K, 92% used [0x00000000d7200000,0x00000000d72ec050,0x00000000d7300000)
  to   space 1536K, 0% used [0x00000000d7000000,0x00000000d7000000,0x00000000d7180000)
 ParOldGen       total 157184K, used 156711K [0x0000000080000000, 0x0000000089980000, 0x00000000d5580000)
  object space 157184K, 99% used [0x0000000080000000,0x0000000089909d10,0x0000000089980000)
 Metaspace       used 81008K, committed 82816K, reserved 1179648K
  class space    used 10073K, committed 10880K, reserved 1048576K
}
Event: 240.454 GC heap before
{Heap before GC invocations=106 (full 3):
 PSYoungGen      total 21504K, used 21424K [0x00000000d5580000, 0x00000000d7300000, 0x0000000100000000)
  eden space 20480K, 100% used [0x00000000d5580000,0x00000000d6980000,0x00000000d6980000)
  from space 1024K, 92% used [0x00000000d7200000,0x00000000d72ec050,0x00000000d7300000)
  to   space 1536K, 0% used [0x00000000d7000000,0x00000000d7000000,0x00000000d7180000)
 ParOldGen       total 157184K, used 156711K [0x0000000080000000, 0x0000000089980000, 0x00000000d5580000)
  object space 157184K, 99% used [0x0000000080000000,0x0000000089909d10,0x0000000089980000)
 Metaspace       used 81587K, committed 83392K, reserved 1179648K
  class space    used 10130K, committed 10944K, reserved 1048576K
}
Event: 240.492 GC heap after
{Heap after GC invocations=106 (full 3):
 PSYoungGen      total 22016K, used 1536K [0x00000000d5580000, 0x00000000d7280000, 0x0000000100000000)
  eden space 20480K, 0% used [0x00000000d5580000,0x00000000d5580000,0x00000000d6980000)
  from space 1536K, 100% used [0x00000000d7000000,0x00000000d7180000,0x00000000d7180000)
  to   space 1024K, 0% used [0x00000000d7180000,0x00000000d7180000,0x00000000d7280000)
 ParOldGen       total 159232K, used 158927K [0x0000000080000000, 0x0000000089b80000, 0x00000000d5580000)
  object space 159232K, 99% used [0x0000000080000000,0x0000000089b33d10,0x0000000089b80000)
 Metaspace       used 81587K, committed 83392K, reserved 1179648K
  class space    used 10130K, committed 10944K, reserved 1048576K
}

